{
  "RSpec": {
    "coverage": {
      "/Users/seanbanford/Documents/Maker's_Course_Projects/week_6_tasks/bookmark_manager/spec/bookmark_spec.rb": [
        1,
        1,
        null,
        1,
        1,
        1,
        1,
        null,
        1,
        1,
        1,
        null,
        1,
        null,
        1,
        1,
        1,
        1,
        1,
        null,
        null,
        null,
        1,
        1,
        1,
        1,
        null,
        1,
        1,
        1,
        1,
        null,
        null,
        null,
        1,
        1,
        1,
        null,
        1,
        null,
        1,
        null,
        null,
        null
      ],
      "/Users/seanbanford/Documents/Maker's_Course_Projects/week_6_tasks/bookmark_manager/lib/bookmark.rb": [
        1,
        null,
        1,
        null,
        1,
        null,
        1,
        18,
        18,
        18,
        null,
        null,
        1,
        6,
        6,
        null,
        0,
        null,
        null,
        6,
        6,
        8,
        null,
        null,
        null,
        1,
        null,
        10,
        10,
        null,
        0,
        null,
        null,
        10,
        10,
        null,
        null,
        1,
        2,
        2,
        null,
        0,
        null,
        2,
        null,
        null,
        null,
        null,
        null,
        null,
        null,
        null,
        null,
        null,
        null,
        null,
        null,
        null,
        null,
        null,
        null,
        null,
        null
      ],
      "/Users/seanbanford/Documents/Maker's_Course_Projects/week_6_tasks/bookmark_manager/spec/database_helpers.rb": [
        1,
        null,
        1,
        1,
        1,
        null
      ],
      "/Users/seanbanford/Documents/Maker's_Course_Projects/week_6_tasks/bookmark_manager/spec/feature/creating_bookmarks_spec.rb": [
        1,
        1,
        1,
        1,
        1,
        1,
        null,
        1,
        null,
        null
      ],
      "/Users/seanbanford/Documents/Maker's_Course_Projects/week_6_tasks/bookmark_manager/spec/feature/deleting_bookmarks_spec.rb": [
        1,
        1,
        1,
        1,
        1,
        null,
        1,
        null,
        1,
        null,
        null
      ],
      "/Users/seanbanford/Documents/Maker's_Course_Projects/week_6_tasks/bookmark_manager/spec/feature/viewing_bookmarks_spec.rb": [
        1,
        null,
        1,
        1,
        1,
        1,
        null,
        null,
        null,
        1,
        1,
        1,
        1,
        null,
        1,
        null,
        1,
        1,
        1,
        null,
        null
      ]
    },
    "timestamp": 1554975143
  }
}
