{
  "RSpec": {
    "coverage": {
      "/Users/seanbanford/Documents/Maker's_Course_Projects/week_6_tasks/bookmark_manager/spec/bookmark_spec.rb": [
        1,
        null,
        1,
        1,
        1,
        1,
        null,
        1,
        1,
        1,
        null,
        1,
        null,
        1,
        1,
        1,
        null,
        null,
        null,
        1,
        1,
        1,
        null,
        1,
        null,
        null,
        null
      ],
      "/Users/seanbanford/Documents/Maker's_Course_Projects/week_6_tasks/bookmark_manager/lib/bookmark.rb": [
        1,
        null,
        1,
        null,
        1,
        4,
        4,
        null,
        0,
        null,
        null,
        4,
        12,
        null,
        null,
        1,
        5,
        5,
        null,
        0,
        null,
        null,
        5,
        null,
        null
      ],
      "/Users/seanbanford/Documents/Maker's_Course_Projects/week_6_tasks/bookmark_manager/spec/feature/creating_bookmarks_spec.rb": [
        1,
        1,
        1,
        1,
        1,
        null,
        1,
        null,
        null
      ],
      "/Users/seanbanford/Documents/Maker's_Course_Projects/week_6_tasks/bookmark_manager/spec/feature/viewing_bookmarks_spec.rb": [
        1,
        null,
        1,
        1,
        1,
        1,
        null,
        null,
        null,
        1,
        1,
        1,
        1,
        null,
        1,
        null,
        1,
        1,
        1,
        null,
        null
      ]
    },
    "timestamp": 1554904596
  }
}
